生成启动时间为 2018/2/21 15:22:00。
     1>项目“E:\SYNCDISK\EDU_LAB\NumeralSys_LAB\Git_NumeralSys_LAB\C\prj_vs2012\main\main.vcxproj”在节点 2 上(Build 个目标)。
     1>ClCompile:
         C:\Program Files (x86)\Microsoft Visual Studio 11.0\VC\bin\CL.exe /c /ZI /nologo /Wall /WX- /Od /Oy- /D _MBCS /Gm /EHsc /RTC1 /MDd /GS /fp:precise /Zc:wchar_t /Zc:forScope /Fo"Debug\\" /Fd"Debug\vc110.pdb" /Gd /TC /analyze- /errorReport:prompt ..\..\src\main.c
         main.c
     1>e:\syncdisk\edu_lab\numeralsys_lab\git_numeralsys_lab\c\src\main.c(6): warning C4255: “mult_test”: 未给出函数原型: 将“()”转换为“(void)”
     1>e:\syncdisk\edu_lab\numeralsys_lab\git_numeralsys_lab\c\src\main.c(6): warning C4431: 缺少类型说明符 - 假定为 int。注意: C 不再支持默认 int
     1>e:\syncdisk\edu_lab\numeralsys_lab\git_numeralsys_lab\c\src\main.c(12): warning C4305: “=”: 从“double”到“float”截断
     1>e:\syncdisk\edu_lab\numeralsys_lab\git_numeralsys_lab\c\src\main.c(13): warning C4305: “=”: 从“double”到“float”截断
     1>e:\syncdisk\edu_lab\numeralsys_lab\git_numeralsys_lab\c\src\main.c(14): warning C4244: “=”: 从“float”转换到“char”，可能丢失数据
     1>e:\syncdisk\edu_lab\numeralsys_lab\git_numeralsys_lab\c\src\main.c(15): warning C4244: “=”: 从“float”转换到“char”，可能丢失数据
     1>e:\syncdisk\edu_lab\numeralsys_lab\git_numeralsys_lab\c\src\main.c(16): warning C4244: “=”: 从“double”转换到“float”，可能丢失数据
     1>e:\syncdisk\edu_lab\numeralsys_lab\git_numeralsys_lab\c\src\main.c(17): warning C4244: “=”: 从“double”转换到“float”，可能丢失数据
     1>e:\syncdisk\edu_lab\numeralsys_lab\git_numeralsys_lab\c\src\main.c(20): warning C4244: “=”: 从“double”转换到“float”，可能丢失数据
     1>e:\syncdisk\edu_lab\numeralsys_lab\git_numeralsys_lab\c\src\main.c(32): warning C4255: “add_test”: 未给出函数原型: 将“()”转换为“(void)”
     1>e:\syncdisk\edu_lab\numeralsys_lab\git_numeralsys_lab\c\src\main.c(32): warning C4431: 缺少类型说明符 - 假定为 int。注意: C 不再支持默认 int
     1>e:\syncdisk\edu_lab\numeralsys_lab\git_numeralsys_lab\c\src\main.c(38): warning C4305: “=”: 从“double”到“float”截断
     1>e:\syncdisk\edu_lab\numeralsys_lab\git_numeralsys_lab\c\src\main.c(39): warning C4305: “=”: 从“double”到“float”截断
     1>e:\syncdisk\edu_lab\numeralsys_lab\git_numeralsys_lab\c\src\main.c(40): warning C4244: “=”: 从“float”转换到“char”，可能丢失数据
     1>e:\syncdisk\edu_lab\numeralsys_lab\git_numeralsys_lab\c\src\main.c(41): warning C4244: “=”: 从“float”转换到“char”，可能丢失数据
     1>e:\syncdisk\edu_lab\numeralsys_lab\git_numeralsys_lab\c\src\main.c(42): warning C4244: “=”: 从“double”转换到“float”，可能丢失数据
     1>e:\syncdisk\edu_lab\numeralsys_lab\git_numeralsys_lab\c\src\main.c(43): warning C4244: “=”: 从“double”转换到“float”，可能丢失数据
     1>e:\syncdisk\edu_lab\numeralsys_lab\git_numeralsys_lab\c\src\main.c(46): warning C4244: “=”: 从“double”转换到“float”，可能丢失数据
     1>e:\syncdisk\edu_lab\numeralsys_lab\git_numeralsys_lab\c\src\main.c(59): warning C4255: “float_check”: 未给出函数原型: 将“()”转换为“(void)”
     1>e:\syncdisk\edu_lab\numeralsys_lab\git_numeralsys_lab\c\src\main.c(59): warning C4431: 缺少类型说明符 - 假定为 int。注意: C 不再支持默认 int
     1>e:\syncdisk\edu_lab\numeralsys_lab\git_numeralsys_lab\c\src\main.c(77): warning C4255: “main”: 未给出函数原型: 将“()”转换为“(void)”
     1>e:\syncdisk\edu_lab\numeralsys_lab\git_numeralsys_lab\c\src\main.c(77): warning C4431: 缺少类型说明符 - 假定为 int。注意: C 不再支持默认 int
     1>e:\syncdisk\edu_lab\numeralsys_lab\git_numeralsys_lab\c\src\main.c(87): warning C4013: “getch”未定义；假设外部返回 int
       Link:
         C:\Program Files (x86)\Microsoft Visual Studio 11.0\VC\bin\link.exe /ERRORREPORT:PROMPT /OUT:"E:\SYNCDISK\EDU_LAB\NumeralSys_LAB\Git_NumeralSys_LAB\C\prj_vs2012\main\Debug\main.exe" /INCREMENTAL /NOLOGO kernel32.lib user32.lib gdi32.lib winspool.lib comdlg32.lib advapi32.lib shell32.lib ole32.lib oleaut32.lib uuid.lib odbc32.lib odbccp32.lib /MANIFEST /MANIFESTUAC:"level='asInvoker' uiAccess='false'" /manifest:embed /DEBUG /PDB:"E:\SYNCDISK\EDU_LAB\NumeralSys_LAB\Git_NumeralSys_LAB\C\prj_vs2012\main\Debug\main.pdb" /TLBID:1 /DYNAMICBASE /NXCOMPAT /IMPLIB:"E:\SYNCDISK\EDU_LAB\NumeralSys_LAB\Git_NumeralSys_LAB\C\prj_vs2012\main\Debug\main.lib" /MACHINE:X86 Debug\main.obj
         main.vcxproj -> E:\SYNCDISK\EDU_LAB\NumeralSys_LAB\Git_NumeralSys_LAB\C\prj_vs2012\main\Debug\main.exe
     1>已完成生成项目“E:\SYNCDISK\EDU_LAB\NumeralSys_LAB\Git_NumeralSys_LAB\C\prj_vs2012\main\main.vcxproj”(Build 个目标)的操作。

生成成功。

已用时间 00:00:01.44
