E:\SYNCDISK\EDU_LAB\NUMERALSYS_LAB\GIT_NUMERALSYS_LAB\C\PRJ_VS2012\MAIN\DEBUG\MAIN.OBJ
E:\SYNCDISK\EDU_LAB\NUMERALSYS_LAB\GIT_NUMERALSYS_LAB\C\PRJ_VS2012\MAIN\DEBUG\VC110.PDB
E:\SYNCDISK\EDU_LAB\NUMERALSYS_LAB\GIT_NUMERALSYS_LAB\C\PRJ_VS2012\MAIN\DEBUG\MAIN.ILK
E:\SYNCDISK\EDU_LAB\NUMERALSYS_LAB\GIT_NUMERALSYS_LAB\C\PRJ_VS2012\MAIN\DEBUG\MAIN.EXE
E:\SYNCDISK\EDU_LAB\NUMERALSYS_LAB\GIT_NUMERALSYS_LAB\C\PRJ_VS2012\MAIN\DEBUG\MAIN.PDB
E:\SYNCDISK\EDU_LAB\NumeralSys_LAB\Git_NumeralSys_LAB\C\prj_vs2012\main\Debug\main.obj
E:\SYNCDISK\EDU_LAB\NumeralSys_LAB\Git_NumeralSys_LAB\C\prj_vs2012\main\Debug\main.ilk
E:\SYNCDISK\EDU_LAB\NumeralSys_LAB\Git_NumeralSys_LAB\C\prj_vs2012\main\Debug\cl.command.1.tlog
E:\SYNCDISK\EDU_LAB\NumeralSys_LAB\Git_NumeralSys_LAB\C\prj_vs2012\main\Debug\CL.read.1.tlog
E:\SYNCDISK\EDU_LAB\NumeralSys_LAB\Git_NumeralSys_LAB\C\prj_vs2012\main\Debug\CL.write.1.tlog
E:\SYNCDISK\EDU_LAB\NumeralSys_LAB\Git_NumeralSys_LAB\C\prj_vs2012\main\Debug\link-cvtres.read.1.tlog
E:\SYNCDISK\EDU_LAB\NumeralSys_LAB\Git_NumeralSys_LAB\C\prj_vs2012\main\Debug\link-cvtres.write.1.tlog
E:\SYNCDISK\EDU_LAB\NumeralSys_LAB\Git_NumeralSys_LAB\C\prj_vs2012\main\Debug\link-rc.read.1.tlog
E:\SYNCDISK\EDU_LAB\NumeralSys_LAB\Git_NumeralSys_LAB\C\prj_vs2012\main\Debug\link-rc.write.1.tlog
E:\SYNCDISK\EDU_LAB\NumeralSys_LAB\Git_NumeralSys_LAB\C\prj_vs2012\main\Debug\link.command.1.tlog
E:\SYNCDISK\EDU_LAB\NumeralSys_LAB\Git_NumeralSys_LAB\C\prj_vs2012\main\Debug\link.read.1.tlog
E:\SYNCDISK\EDU_LAB\NumeralSys_LAB\Git_NumeralSys_LAB\C\prj_vs2012\main\Debug\link.write.1.tlog
E:\SYNCDISK\EDU_LAB\NumeralSys_LAB\Git_NumeralSys_LAB\C\prj_vs2012\main\Debug\vc110.idb
E:\SYNCDISK\EDU_LAB\NumeralSys_LAB\Git_NumeralSys_LAB\C\prj_vs2012\main\Debug\main.pdb
E:\SYNCDISK\EDU_LAB\NumeralSys_LAB\Git_NumeralSys_LAB\C\prj_vs2012\main\Debug\vc110.pdb
E:\SYNCDISK\EDU_LAB\NumeralSys_LAB\Git_NumeralSys_LAB\C\prj_vs2012\main\Debug\main.exe
